mode: atomic
github.com/husainaj20/task-manager-api/cmd/server/main.go:17.13,19.16 2 1
github.com/husainaj20/task-manager-api/cmd/server/main.go:19.16,21.3 1 0
github.com/husainaj20/task-manager-api/cmd/server/main.go:23.2,24.35 2 1
github.com/husainaj20/task-manager-api/cmd/server/main.go:24.35,26.17 2 0
github.com/husainaj20/task-manager-api/cmd/server/main.go:26.17,28.4 1 0
github.com/husainaj20/task-manager-api/cmd/server/main.go:29.3,30.9 2 0
github.com/husainaj20/task-manager-api/cmd/server/main.go:31.8,34.3 2 1
github.com/husainaj20/task-manager-api/cmd/server/main.go:36.2,39.74 3 1
github.com/husainaj20/task-manager-api/cmd/server/main.go:39.74,42.3 2 0
github.com/husainaj20/task-manager-api/cmd/server/main.go:44.2,51.12 3 1
github.com/husainaj20/task-manager-api/cmd/server/main.go:51.12,53.77 2 1
github.com/husainaj20/task-manager-api/cmd/server/main.go:53.77,55.4 1 0
github.com/husainaj20/task-manager-api/cmd/server/main.go:58.2,64.42 6 1
github.com/husainaj20/task-manager-api/cmd/server/main.go:64.42,66.3 1 0
github.com/husainaj20/task-manager-api/cmd/server/main.go:67.2,67.30 1 0
github.com/husainaj20/task-manager-api/internal/service/queue.go:49.35,62.31 4 7
github.com/husainaj20/task-manager-api/internal/service/queue.go:62.31,64.18 2 14
github.com/husainaj20/task-manager-api/internal/service/queue.go:64.18,66.8 2 14
github.com/husainaj20/task-manager-api/internal/service/queue.go:66.8,67.12 1 47
github.com/husainaj20/task-manager-api/internal/service/queue.go:68.23,69.12 1 0
github.com/husainaj20/task-manager-api/internal/service/queue.go:70.28,71.13 1 47
github.com/husainaj20/task-manager-api/internal/service/queue.go:71.13,73.7 1 14
github.com/husainaj20/task-manager-api/internal/service/queue.go:74.6,74.18 1 33
github.com/husainaj20/task-manager-api/internal/service/queue.go:74.18,75.15 1 0
github.com/husainaj20/task-manager-api/internal/service/queue.go:77.6,78.28 2 33
github.com/husainaj20/task-manager-api/internal/service/queue.go:78.28,79.49 1 33
github.com/husainaj20/task-manager-api/internal/service/queue.go:79.49,83.8 2 14
github.com/husainaj20/task-manager-api/internal/service/queue.go:83.13,85.8 1 19
github.com/husainaj20/task-manager-api/internal/service/queue.go:87.6,87.38 1 33
github.com/husainaj20/task-manager-api/internal/service/queue.go:92.2,92.10 1 7
github.com/husainaj20/task-manager-api/internal/service/queue.go:95.43,95.62 1 7
github.com/husainaj20/task-manager-api/internal/service/queue.go:98.117,104.2 5 5
github.com/husainaj20/task-manager-api/internal/service/queue.go:106.45,106.65 1 2
github.com/husainaj20/task-manager-api/internal/service/queue.go:108.63,110.33 2 14
github.com/husainaj20/task-manager-api/internal/service/queue.go:110.33,112.26 2 1
github.com/husainaj20/task-manager-api/internal/service/queue.go:112.26,115.4 1 1
github.com/husainaj20/task-manager-api/internal/service/queue.go:116.3,116.9 1 1
github.com/husainaj20/task-manager-api/internal/service/queue.go:119.2,120.37 2 13
github.com/husainaj20/task-manager-api/internal/service/queue.go:120.37,122.3 1 0
github.com/husainaj20/task-manager-api/internal/service/queue.go:123.2,126.36 3 13
github.com/husainaj20/task-manager-api/internal/service/queue.go:126.36,128.10 1 11
github.com/husainaj20/task-manager-api/internal/service/queue.go:129.21,129.21 0 0
github.com/husainaj20/task-manager-api/internal/service/queue.go:131.11,132.16 1 11
github.com/husainaj20/task-manager-api/internal/service/queue.go:134.3,136.21 3 11
github.com/husainaj20/task-manager-api/internal/service/queue.go:138.2,139.20 2 13
github.com/husainaj20/task-manager-api/internal/service/queue.go:142.38,143.9 1 33
github.com/husainaj20/task-manager-api/internal/service/queue.go:144.19,144.19 0 33
github.com/husainaj20/task-manager-api/internal/service/queue.go:145.10,146.14 1 0
github.com/husainaj20/task-manager-api/internal/service/queue.go:151.54,153.34 2 1
github.com/husainaj20/task-manager-api/internal/service/queue.go:153.34,158.71 5 2
github.com/husainaj20/task-manager-api/internal/service/queue.go:158.71,160.4 1 1
github.com/husainaj20/task-manager-api/internal/service/queue.go:161.3,161.35 1 1
github.com/husainaj20/task-manager-api/internal/service/queue.go:163.2,163.14 1 0
github.com/husainaj20/task-manager-api/internal/service/queue.go:166.24,167.23 1 7
github.com/husainaj20/task-manager-api/internal/service/queue.go:167.23,170.30 2 7
github.com/husainaj20/task-manager-api/internal/service/queue.go:170.30,172.4 1 1
github.com/husainaj20/task-manager-api/internal/service/queue.go:173.3,179.13 5 7
github.com/husainaj20/task-manager-api/internal/service/queue.go:184.74,190.2 5 1
github.com/husainaj20/task-manager-api/internal/api/handlers.go:19.52,21.2 1 6
github.com/husainaj20/task-manager-api/internal/api/handlers.go:23.41,26.41 2 8
github.com/husainaj20/task-manager-api/internal/api/handlers.go:26.41,26.85 1 1
github.com/husainaj20/task-manager-api/internal/api/handlers.go:27.2,27.43 1 8
github.com/husainaj20/task-manager-api/internal/api/handlers.go:27.43,27.90 1 0
github.com/husainaj20/task-manager-api/internal/api/handlers.go:29.2,32.10 3 8
github.com/husainaj20/task-manager-api/internal/api/handlers.go:40.46,42.47 2 5
github.com/husainaj20/task-manager-api/internal/api/handlers.go:42.47,45.3 2 1
github.com/husainaj20/task-manager-api/internal/api/handlers.go:46.2,54.16 5 4
github.com/husainaj20/task-manager-api/internal/api/handlers.go:54.16,57.3 2 0
github.com/husainaj20/task-manager-api/internal/api/handlers.go:58.2,58.14 1 4
github.com/husainaj20/task-manager-api/internal/api/handlers.go:58.14,63.3 1 3
github.com/husainaj20/task-manager-api/internal/api/handlers.go:64.2,64.35 1 4
github.com/husainaj20/task-manager-api/internal/api/handlers.go:67.43,70.16 3 2
github.com/husainaj20/task-manager-api/internal/api/handlers.go:70.16,73.3 2 1
github.com/husainaj20/task-manager-api/internal/api/handlers.go:74.2,74.26 1 1
github.com/husainaj20/task-manager-api/internal/store/memory.go:23.36,28.2 1 2
github.com/husainaj20/task-manager-api/internal/store/memory.go:30.117,34.15 3 11
github.com/husainaj20/task-manager-api/internal/store/memory.go:34.15,35.37 1 11
github.com/husainaj20/task-manager-api/internal/store/memory.go:35.37,36.39 1 9
github.com/husainaj20/task-manager-api/internal/store/memory.go:36.39,38.5 1 9
github.com/husainaj20/task-manager-api/internal/store/memory.go:42.2,42.16 1 2
github.com/husainaj20/task-manager-api/internal/store/memory.go:42.16,44.3 1 2
github.com/husainaj20/task-manager-api/internal/store/memory.go:45.2,48.15 4 2
github.com/husainaj20/task-manager-api/internal/store/memory.go:48.15,50.3 1 2
github.com/husainaj20/task-manager-api/internal/store/memory.go:51.2,51.29 1 2
github.com/husainaj20/task-manager-api/internal/store/memory.go:54.81,57.30 3 1
github.com/husainaj20/task-manager-api/internal/store/memory.go:57.30,59.3 1 1
github.com/husainaj20/task-manager-api/internal/store/memory.go:60.2,60.25 1 0
github.com/husainaj20/task-manager-api/internal/store/memory.go:63.112,67.9 4 1
github.com/husainaj20/task-manager-api/internal/store/memory.go:67.9,69.3 1 0
github.com/husainaj20/task-manager-api/internal/store/memory.go:70.2,71.19 2 1
github.com/husainaj20/task-manager-api/internal/store/memory.go:71.19,73.3 1 1
github.com/husainaj20/task-manager-api/internal/store/memory.go:74.2,75.12 2 1
github.com/husainaj20/task-manager-api/internal/store/memory.go:78.41,79.14 1 14
github.com/husainaj20/task-manager-api/internal/store/memory.go:79.14,81.3 1 0
github.com/husainaj20/task-manager-api/internal/store/memory.go:82.2,83.11 2 14
github.com/husainaj20/task-manager-api/internal/store/redis.go:21.60,24.2 2 2
github.com/husainaj20/task-manager-api/internal/store/redis.go:26.44,26.79 1 7
github.com/husainaj20/task-manager-api/internal/store/redis.go:28.116,30.15 1 2
github.com/husainaj20/task-manager-api/internal/store/redis.go:30.15,31.76 1 2
github.com/husainaj20/task-manager-api/internal/store/redis.go:31.76,33.18 2 1
github.com/husainaj20/task-manager-api/internal/store/redis.go:33.18,35.5 1 0
github.com/husainaj20/task-manager-api/internal/store/redis.go:36.4,37.66 2 1
github.com/husainaj20/task-manager-api/internal/store/redis.go:37.66,39.5 1 0
github.com/husainaj20/task-manager-api/internal/store/redis.go:40.4,40.31 1 1
github.com/husainaj20/task-manager-api/internal/store/redis.go:44.2,44.16 1 1
github.com/husainaj20/task-manager-api/internal/store/redis.go:44.16,46.3 1 1
github.com/husainaj20/task-manager-api/internal/store/redis.go:47.2,50.16 4 1
github.com/husainaj20/task-manager-api/internal/store/redis.go:50.16,52.3 1 0
github.com/husainaj20/task-manager-api/internal/store/redis.go:54.2,54.64 1 1
github.com/husainaj20/task-manager-api/internal/store/redis.go:54.64,56.3 1 0
github.com/husainaj20/task-manager-api/internal/store/redis.go:57.2,57.15 1 1
github.com/husainaj20/task-manager-api/internal/store/redis.go:57.15,58.78 1 1
github.com/husainaj20/task-manager-api/internal/store/redis.go:58.78,60.4 1 0
github.com/husainaj20/task-manager-api/internal/store/redis.go:62.2,62.22 1 1
github.com/husainaj20/task-manager-api/internal/store/redis.go:65.80,67.22 2 4
github.com/husainaj20/task-manager-api/internal/store/redis.go:67.22,69.3 1 1
github.com/husainaj20/task-manager-api/internal/store/redis.go:70.2,70.16 1 3
github.com/husainaj20/task-manager-api/internal/store/redis.go:70.16,72.3 1 0
github.com/husainaj20/task-manager-api/internal/store/redis.go:73.2,74.54 2 3
github.com/husainaj20/task-manager-api/internal/store/redis.go:74.54,76.3 1 0
github.com/husainaj20/task-manager-api/internal/store/redis.go:77.2,77.16 1 3
github.com/husainaj20/task-manager-api/internal/store/redis.go:80.111,82.16 2 1
github.com/husainaj20/task-manager-api/internal/store/redis.go:82.16,84.3 1 0
github.com/husainaj20/task-manager-api/internal/store/redis.go:85.2,86.19 2 1
github.com/husainaj20/task-manager-api/internal/store/redis.go:86.19,88.3 1 1
github.com/husainaj20/task-manager-api/internal/store/redis.go:89.2,91.16 3 1
github.com/husainaj20/task-manager-api/internal/store/redis.go:91.16,93.3 1 0
github.com/husainaj20/task-manager-api/internal/store/redis.go:94.2,94.46 1 1
